<?xml version="1.0" encoding="UTF-8"?>
<testsuite xmlns:xsi="http://www.w3.org/2001/XMLSchema-instance" xsi:noNamespaceSchemaLocation="https://maven.apache.org/surefire/maven-surefire-plugin/xsd/surefire-test-report.xsd" name="TestSuite" time="33.09" tests="27" errors="0" skipped="0" failures="0">
  <properties>
    <property name="java.specification.version" value="21"/>
    <property name="sun.cpu.isalist" value="amd64"/>
    <property name="sun.jnu.encoding" value="Cp1252"/>
    <property name="java.class.path" value="C:/maven/apache-maven-3.9.9/boot/plexus-classworlds-2.8.0.jar"/>
    <property name="java.vm.vendor" value="Oracle Corporation"/>
    <property name="sun.arch.data.model" value="64"/>
    <property name="user.variant" value=""/>
    <property name="java.vendor.url" value="https://java.oracle.com/"/>
    <property name="user.timezone" value="Asia/Calcutta"/>
    <property name="maven.conf" value="C:/maven/apache-maven-3.9.9/conf"/>
    <property name="java.vm.specification.version" value="21"/>
    <property name="os.name" value="Windows 11"/>
    <property name="sun.java.launcher" value="SUN_STANDARD"/>
    <property name="user.country" value="US"/>
    <property name="sun.boot.library.path" value="C:\Program Files\Java\jdk-21\bin"/>
    <property name="sun.java.command" value="org.codehaus.plexus.classworlds.launcher.Launcher clean test"/>
    <property name="jdk.debug" value="release"/>
    <property name="maven.home" value="C:\maven\apache-maven-3.9.9"/>
    <property name="sun.cpu.endian" value="little"/>
    <property name="user.home" value="C:\Users\Tejaswini"/>
    <property name="user.language" value="en"/>
    <property name="java.specification.vendor" value="Oracle Corporation"/>
    <property name="java.version.date" value="2025-01-21"/>
    <property name="java.home" value="C:\Program Files\Java\jdk-21"/>
    <property name="file.separator" value="\"/>
    <property name="java.vm.compressedOopsMode" value="32-bit"/>
    <property name="line.separator" value="&#10;"/>
    <property name="java.vm.specification.vendor" value="Oracle Corporation"/>
    <property name="java.specification.name" value="Java Platform API Specification"/>
    <property name="user.script" value=""/>
    <property name="sun.management.compiler" value="HotSpot 64-Bit Tiered Compilers"/>
    <property name="java.runtime.version" value="21.0.6+8-LTS-188"/>
    <property name="user.name" value="Tejaswini"/>
    <property name="stdout.encoding" value="cp437"/>
    <property name="path.separator" value=";"/>
    <property name="os.version" value="10.0"/>
    <property name="java.runtime.name" value="Java(TM) SE Runtime Environment"/>
    <property name="file.encoding" value="UTF-8"/>
    <property name="guice.disable.misplaced.annotation.check" value="true"/>
    <property name="java.vm.name" value="Java HotSpot(TM) 64-Bit Server VM"/>
    <property name="java.vendor.url.bug" value="https://bugreport.java.com/bugreport/"/>
    <property name="java.io.tmpdir" value="C:\Users\Tejaswini\AppData\Local\Temp\"/>
    <property name="java.version" value="21.0.6"/>
    <property name="user.dir" value="C:\Users\Tejaswini\eclipse-workspace\Sep2024PomSeries"/>
    <property name="os.arch" value="amd64"/>
    <property name="maven.multiModuleProjectDirectory" value="C:/Users/Tejaswini/eclipse-workspace/Sep2024PomSeries"/>
    <property name="java.vm.specification.name" value="Java Virtual Machine Specification"/>
    <property name="sun.os.patch.level" value=""/>
    <property name="native.encoding" value="Cp1252"/>
    <property name="java.library.path" value="C:\Program Files\Java\jdk-21\bin;C:\WINDOWS\Sun\Java\bin;C:\WINDOWS\system32;C:\WINDOWS;C:\Users\Tejaswini\bin;C:\Program Files\Git\mingw64\bin;C:\Program Files\Git\usr\local\bin;C:\Program Files\Git\usr\bin;C:\Program Files\Git\usr\bin;C:\Program Files\Git\mingw64\bin;C:\Program Files\Git\usr\bin;C:\Users\Tejaswini\bin;C:\WINDOWS\system32;C:\WINDOWS;C:\WINDOWS\System32\Wbem;C:\WINDOWS\System32\WindowsPowerShell\v1.0;C:\WINDOWS\System32\OpenSSH;C:\Program Files\Java\jdk-21\bin;C:\Program Files\dotnet;C:\Program Files\nodejs;C:\Program Files\nodejs\node_modules;C:\Program Files\Microsoft SQL Server\150\Tools\Binn;C:\maven\apache-maven-3.9.9\bin;C:\Program Files\Git\cmd;C:\Users\Tejaswini\scoop\shims;C:\Users\Tejaswini\anaconda3;C:\Users\Tejaswini\anaconda3\Library\mingw-w64\bin;C:\Users\Tejaswini\anaconda3\Library\usr\bin;C:\Users\Tejaswini\anaconda3\Library\bin;C:\Users\Tejaswini\anaconda3\Scripts;C:\Users\Tejaswini\AppData\Local\Microsoft\WindowsApps;C:\Users\Tejaswini\AppData\Roaming\npm;C:\Program Files\Git\usr\bin\vendor_perl;C:\Program Files\Git\usr\bin\core_perl;."/>
    <property name="java.vm.info" value="mixed mode, sharing"/>
    <property name="stderr.encoding" value="cp437"/>
    <property name="java.vendor" value="Oracle Corporation"/>
    <property name="java.vm.version" value="21.0.6+8-LTS-188"/>
    <property name="classworlds.conf" value="C:/maven/apache-maven-3.9.9/bin/m2.conf"/>
    <property name="sun.io.unicode.encoding" value="UnicodeLittle"/>
    <property name="library.jansi.path" value="C:/maven/apache-maven-3.9.9/lib/jansi-native"/>
    <property name="java.class.version" value="65.0"/>
  </properties>
  <testcase name="footerTest" classname="com.qa.opencart.test.LoginPageTest" time="0.999"/>
  <testcase name="footerTest" classname="com.qa.opencart.test.LoginPageTest" time="0.673"/>
  <testcase name="footerTest" classname="com.qa.opencart.test.LoginPageTest" time="0.915"/>
  <testcase name="footerTest" classname="com.qa.opencart.test.LoginPageTest" time="0.581"/>
  <testcase name="forgotPwdLinkExistTest" classname="com.qa.opencart.test.LoginPageTest" time="0.459"/>
  <testcase name="loginPageTitleTest" classname="com.qa.opencart.test.LoginPageTest" time="0.174"/>
  <testcase name="loginPageURLTest" classname="com.qa.opencart.test.LoginPageTest" time="0.182"/>
  <testcase name="logoTest" classname="com.qa.opencart.test.LoginPageTest" time="0.107"/>
  <testcase name="loginTest" classname="com.qa.opencart.test.LoginPageTest" time="1.864"/>
  <testcase name="productImagesCountTest" classname="com.qa.opencart.test.ProductInfoPageTest" time="2.957"/>
  <testcase name="productImagesCountTest" classname="com.qa.opencart.test.ProductInfoPageTest" time="0.057"/>
  <testcase name="productImagesCountTest" classname="com.qa.opencart.test.ProductInfoPageTest" time="0.339"/>
  <testcase name="productImagesCountTest" classname="com.qa.opencart.test.ProductInfoPageTest" time="0.926"/>
  <testcase name="productImagesCountTest" classname="com.qa.opencart.test.ProductInfoPageTest" time="0.977"/>
  <testcase name="headersTest" classname="com.qa.opencart.test.HomePageTest" time="0.169"/>
  <testcase name="homePageTitleTest" classname="com.qa.opencart.test.HomePageTest" time="0.035"/>
  <testcase name="homePageURLTest" classname="com.qa.opencart.test.HomePageTest" time="0.035"/>
  <testcase name="logoutLinkExistTest" classname="com.qa.opencart.test.HomePageTest" time="0.868"/>
  <testcase name="searchTest" classname="com.qa.opencart.test.HomePageTest" time="0.646"/>
  <testcase name="searchTest" classname="com.qa.opencart.test.HomePageTest" time="0.548"/>
  <testcase name="searchTest" classname="com.qa.opencart.test.HomePageTest" time="0.67"/>
  <testcase name="searchTest" classname="com.qa.opencart.test.HomePageTest" time="0.276"/>
  <testcase name="searchTest" classname="com.qa.opencart.test.HomePageTest" time="5.977"/>
  <testcase name="productInfoTest" classname="com.qa.opencart.test.ProductInfoPageTest" time="1"/>
  <testcase name="productSearchHeaderTest" classname="com.qa.opencart.test.ProductInfoPageTest" time="0.837"/>
  <testcase name="productSearchHeaderTest" classname="com.qa.opencart.test.ProductInfoPageTest" time="0.767"/>
  <testcase name="productSearchHeaderTest" classname="com.qa.opencart.test.ProductInfoPageTest" time="0.825"/>
</testsuite>