<?xml version="1.0" encoding="UTF-8"?>
<!-- Generated by org.testng.reporters.JUnitReportReporter -->
<testsuite hostname="DESKTOP-8V19EOH" failures="0" tests="9" name="com.qa.opencart.test.ProductInfoPageTest" time="12.060" errors="0" timestamp="2025-02-23T21:03:06 IST" skipped="0">
  <testcase classname="com.qa.opencart.test.ProductInfoPageTest" name="productInfoTest" time="1.000"/>
  <testcase classname="com.qa.opencart.test.ProductInfoPageTest" name="productSearchHeaderTest" time="0.767"/>
  <testcase classname="com.qa.opencart.test.ProductInfoPageTest" name="productImagesCountTest" time="1.973"/>
  <testcase classname="com.qa.opencart.test.ProductInfoPageTest" name="productImagesCountTest" time="0.977"/>
  <testcase classname="com.qa.opencart.test.ProductInfoPageTest" name="productImagesCountTest" time="1.569"/>
  <testcase classname="com.qa.opencart.test.ProductInfoPageTest" name="productSearchHeaderTest" time="0.837"/>
  <testcase classname="com.qa.opencart.test.ProductInfoPageTest" name="productImagesCountTest" time="2.909"/>
  <testcase classname="com.qa.opencart.test.ProductInfoPageTest" name="productImagesCountTest" time="1.207"/>
  <testcase classname="com.qa.opencart.test.ProductInfoPageTest" name="productSearchHeaderTest" time="0.821"/>
</testsuite> <!-- com.qa.opencart.test.ProductInfoPageTest -->
