<?xml version="1.0" encoding="UTF-8"?>
<!-- Generated by org.testng.reporters.JUnitReportReporter -->
<testsuite hostname="DESKTOP-8V19EOH" failures="0" tests="9" name="com.qa.opencart.test.LoginPageTest" time="6.434" errors="0" timestamp="2025-02-23T21:03:06 IST" skipped="0">
  <testcase classname="com.qa.opencart.test.LoginPageTest" name="forgotPwdLinkExistTest" time="0.449"/>
  <testcase classname="com.qa.opencart.test.LoginPageTest" name="footerTest" time="0.726"/>
  <testcase classname="com.qa.opencart.test.LoginPageTest" name="logoTest" time="0.115"/>
  <testcase classname="com.qa.opencart.test.LoginPageTest" name="footerTest" time="0.673"/>
  <testcase classname="com.qa.opencart.test.LoginPageTest" name="footerTest" time="0.910"/>
  <testcase classname="com.qa.opencart.test.LoginPageTest" name="loginPageTitleTest" time="0.170"/>
  <testcase classname="com.qa.opencart.test.LoginPageTest" name="footerTest" time="0.579"/>
  <testcase classname="com.qa.opencart.test.LoginPageTest" name="loginPageURLTest" time="0.166"/>
  <testcase classname="com.qa.opencart.test.LoginPageTest" name="loginTest" time="2.646"/>
</testsuite> <!-- com.qa.opencart.test.LoginPageTest -->
