<?xml version="1.0" encoding="UTF-8"?>
<!-- Generated by org.testng.reporters.JUnitReportReporter -->
<testsuite hostname="DESKTOP-8V19EOH" failures="0" tests="9" name="com.qa.opencart.test.HomePageTest" time="14.096" errors="0" timestamp="2025-02-23T21:03:06 IST" skipped="0">
  <testcase classname="com.qa.opencart.test.HomePageTest" name="homePageTitleTest" time="0.023"/>
  <testcase classname="com.qa.opencart.test.HomePageTest" name="searchTest" time="0.611"/>
  <testcase classname="com.qa.opencart.test.HomePageTest" name="searchTest" time="10.495"/>
  <testcase classname="com.qa.opencart.test.HomePageTest" name="searchTest" time="0.669"/>
  <testcase classname="com.qa.opencart.test.HomePageTest" name="headersTest" time="0.153"/>
  <testcase classname="com.qa.opencart.test.HomePageTest" name="logoutLinkExistTest" time="0.869"/>
  <testcase classname="com.qa.opencart.test.HomePageTest" name="searchTest" time="0.647"/>
  <testcase classname="com.qa.opencart.test.HomePageTest" name="homePageURLTest" time="0.023"/>
  <testcase classname="com.qa.opencart.test.HomePageTest" name="searchTest" time="0.606"/>
</testsuite> <!-- com.qa.opencart.test.HomePageTest -->
